<?xml version="1.0" encoding="UTF-8"?>
<!-- Generated by org.testng.reporters.JUnitReportReporter -->
<testsuite skipped="0" hostname="Namita" name="test_cases.TestCases_WeatherApi" tests="1" failures="0" timestamp="2020-07-21T20:19:53 IST" time="10.634" errors="0">
  <testcase name="getWeatherForCity" time="10.634" classname="test_cases.TestCases_WeatherApi"/>
  <system-out/>
</testsuite> <!-- test_cases.TestCases_WeatherApi -->
